<?xml version="1.0" encoding="UTF-8"?>
<!-- Generated by org.testng.reporters.JUnitXMLReporter -->
<testsuite hostname="HDC3-L-6K6R0X2" ignored="0" name="BankingApp Test" tests="2" failures="0" timestamp="20 May 2021 18:24:27 GMT" time="0.228" errors="0">
  <testcase name="@BeforeClass setup" time="0.0" classname="com.iNetBanking.TestCases.BaseClass">
    <failure type="org.testng.TestNGException" message="
Parameter &amp;apos;browser&amp;apos; is required by BeforeClass on method setup but has not been marked @Optional or defined
in C:\sample\iNetBanking\testng.xml">
      <![CDATA[org.testng.TestNGException: 
Parameter 'browser' is required by BeforeClass on method setup but has not been marked @Optional or defined
in C:\sample\iNetBanking\testng.xml
... Removed 22 stack frames]]>
    </failure>
  </testcase> <!-- @BeforeClass setup -->
  <testcase name="@AfterClass tearDown" time="0.0" classname="com.iNetBanking.TestCases.BaseClass">
    <skipped/>
  </testcase> <!-- @AfterClass tearDown -->
  <testcase name="@BeforeClass setup" time="0.0" classname="com.iNetBanking.TestCases.BaseClass">
    <skipped/>
  </testcase> <!-- @BeforeClass setup -->
  <testcase name="@AfterClass tearDown" time="0.0" classname="com.iNetBanking.TestCases.BaseClass">
    <skipped/>
  </testcase> <!-- @AfterClass tearDown -->
  <testcase name="loginTest" time="0.0" classname="com.iNetBanking.TestCases.TC_LoginTest_001">
    <skipped/>
  </testcase> <!-- loginTest -->
  <testcase name="addNewCustomer" time="0.0" classname="com.iNetBanking.TestCases.TC_AddCustomerTest_003">
    <skipped/>
  </testcase> <!-- addNewCustomer -->
</testsuite> <!-- BankingApp Test -->
